mode: set
awesomeProject/handler/task/handler.go:25.40,27.2 1 1
awesomeProject/handler/task/handler.go:29.67,34.16 3 1
awesomeProject/handler/task/handler.go:34.16,40.3 4 0
awesomeProject/handler/task/handler.go:42.2,48.16 3 1
awesomeProject/handler/task/handler.go:48.16,54.3 4 1
awesomeProject/handler/task/handler.go:56.2,58.16 2 1
awesomeProject/handler/task/handler.go:58.16,63.3 4 1
awesomeProject/handler/task/handler.go:65.2,67.8 3 1
awesomeProject/handler/task/handler.go:71.68,73.16 2 1
awesomeProject/handler/task/handler.go:73.16,78.3 4 1
awesomeProject/handler/task/handler.go:79.2,83.12 4 1
awesomeProject/handler/task/handler.go:86.67,91.16 3 1
awesomeProject/handler/task/handler.go:91.16,97.3 4 1
awesomeProject/handler/task/handler.go:99.2,102.16 3 1
awesomeProject/handler/task/handler.go:102.16,107.3 4 1
awesomeProject/handler/task/handler.go:109.2,110.31 2 1
awesomeProject/handler/task/handler.go:113.70,117.16 3 1
awesomeProject/handler/task/handler.go:117.16,123.3 4 1
awesomeProject/handler/task/handler.go:125.2,127.16 3 1
awesomeProject/handler/task/handler.go:127.16,132.3 4 1
awesomeProject/handler/task/handler.go:133.2,133.9 1 1
awesomeProject/handler/task/handler.go:133.9,136.3 2 1
awesomeProject/handler/task/handler.go:139.70,143.16 3 1
awesomeProject/handler/task/handler.go:143.16,149.3 4 1
awesomeProject/handler/task/handler.go:151.2,153.16 3 1
awesomeProject/handler/task/handler.go:153.16,158.3 4 1
awesomeProject/handler/task/handler.go:159.2,159.9 1 1
awesomeProject/handler/task/handler.go:159.9,163.3 2 1
